2023/06/04 07:54:26 - Kitchen - Start of run.
2023/06/04 07:54:30 - messages_delivery - Start of job execution
2023/06/04 07:54:30 - messages_delivery - Starting entry [msg]
2023/06/04 07:54:30 - messages_delivery - Starting entry [Load_Dim_Customers.ktr]
2023/06/04 07:54:30 - Load_Dim_Customers.ktr - Using run configuration [Pentaho local]
2023/06/04 07:54:30 - Load_Dim_Customers.ktr - Running transformation using the Kettle execution engine
2023/06/04 07:54:30 - Load_Dim_Customers - Dispatching started for transformation [Load_Dim_Customers]
2023/06/04 07:54:30 - Get Transformation.Name.0 - Finished processing (I=0, O=0, R=1, W=1, U=0, E=0)
2023/06/04 07:54:30 - Get system info.0 - Finished processing (I=0, O=0, R=1, W=1, U=0, E=0)
2023/06/04 07:54:30 - Set var-msg-etg.0 - Setting environment variables...
2023/06/04 07:54:30 - Select values.0 - ERROR (version 9.3.0.0-428, build 9.3.0.0-428 from 2022-04-12 04.56.25 by buildguy) : Couldn't find field 'tomorrow' in row!
2023/06/04 07:54:30 - Set var-msg-etg.0 - Set variable var-msg-etl to value [Load_Dim_Customers.ktr]
2023/06/04 07:54:30 - Select values.0 - Finished processing (I=0, O=0, R=1, W=0, U=0, E=1)
2023/06/04 07:54:30 - Load_Dim_Customers - ERROR (version 9.3.0.0-428, build 9.3.0.0-428 from 2022-04-12 04.56.25 by buildguy) : Errors detected!
2023/06/04 07:54:30 - Load_Dim_Customers - Transformation detected one or more steps with errors.
2023/06/04 07:54:30 - Load_Dim_Customers - Transformation is killing the other steps!
2023/06/04 07:54:30 - Set var-msg-etg.0 - Finished after 1 rows.
2023/06/04 07:54:30 - Set var-msg-etg.0 - Finished processing (I=0, O=0, R=1, W=1, U=0, E=0)
2023/06/04 07:54:30 - Carte - Installing timer to purge stale objects after 1440 minutes.
2023/06/04 07:54:30 - Load_Dim_Customers - ERROR (version 9.3.0.0-428, build 9.3.0.0-428 from 2022-04-12 04.56.25 by buildguy) : Errors detected!
2023/06/04 07:54:30 - messages_delivery - Starting entry [ERROR]
2023/06/04 07:54:30 - ERROR - Running on platform : Windows 11
2023/06/04 07:54:30 - ERROR - Executing command : cmd.exe /C "D:\...\messages_delivery.bat "*DW | ID=19960511 | Customers Model:* <https://github.com/bernabeudario/MESSAGES_DELIVERY/blob/main/log_dim_customers.log|ver log...>\n>error etl name: _Load_Dim_Customers.ktr_""
2023/06/04 07:54:30 - ERROR - (stdout) 
2023/06/04 07:54:30 - ERROR - (stdout) D:\...\data-integration>py "D:\...\messages_delivery.py" "*DW | ID=19960511 | Customers Model:* <https://github.com/bernabeudario/MESSAGES_DELIVERY/blob/main/log_dim_customers.log|ver log...>\n>error etl name: _Load_Dim_Customers.ktr_" 
2023/06/04 07:54:31 - ERROR - (stdout) ok
2023/06/04 07:54:31 - messages_delivery - Finished job entry [ERROR] (result=[true])
2023/06/04 07:54:31 - messages_delivery - Finished job entry [Load_Dim_Customers.ktr] (result=[true])
2023/06/04 07:54:31 - messages_delivery - Finished job entry [msg] (result=[true])
2023/06/04 07:54:31 - messages_delivery - Job execution finished
2023/06/04 07:54:31 - Kitchen - Finished!
2023/06/04 07:54:31 - Kitchen - Start=2023/06/04 07:54:30.498, Stop=2023/06/04 07:54:31.302
2023/06/04 07:54:31 - Kitchen - Processing ended after 0 seconds.
